###############################################################################
#                                                                             #
#                                                       19/Feb/2014  21:38:23 #
# IAR ANSI C/C++ Compiler V6.30.4.23288/W32 EVALUATION for ARM                #
# Copyright 1999-2011 IAR Systems AB.                                         #
#                                                                             #
#    Cpu mode     =  thumb                                                    #
#    Endian       =  little                                                   #
#    Source file  =  D:\FREESCALE智能车竞赛\freescale(八)\程序\balance        #
#                    car（完善）\src\Sources\C\Component_C\decoder.c          #
#    Command line =  "D:\FREESCALE智能车竞赛\freescale(八)\程序\balance       #
#                    car（完善）\src\Sources\C\Component_C\decoder.c" -D IAR  #
#                    -D TWR_K60N512 -lCN "D:\FREESCALE智能车竞赛\freescale(八 #
#                    )\程序\balance car（完善）\bin\Flash\List\" -lB          #
#                    "D:\FREESCALE智能车竞赛\freescale(八)\程序\balance       #
#                    car（完善）\bin\Flash\List\" -o                          #
#                    "D:\FREESCALE智能车竞赛\freescale(八)\程序\balance       #
#                    car（完善）\bin\Flash\Obj\" --no_cse --no_unroll         #
#                    --no_inline --no_code_motion --no_tbaa --no_clustering   #
#                    --no_scheduling --debug --endian=little --cpu=Cortex-M4  #
#                    -e --fpu=None --dlib_config                              #
#                    E:\IAREW6.3\arm\INC\c\DLib_Config_Normal.h -I            #
#                    "D:\FREESCALE智能车竞赛\freescale(八)\程序\balance       #
#                    car（完善）\src\Sources\H\" -I                           #
#                    "D:\FREESCALE智能车竞赛\freescale(八)\程序\balance       #
#                    car（完善）\src\Sources\H\Component_H\" -I               #
#                    "D:\FREESCALE智能车竞赛\freescale(八)\程序\balance       #
#                    car（完善）\src\Sources\H\Frame_H\" -Ol --use_c++_inline #
#    List file    =  D:\FREESCALE智能车竞赛\freescale(八)\程序\balance        #
#                    car（完善）\bin\Flash\List\decoder.lst                   #
#    Object file  =  D:\FREESCALE智能车竞赛\freescale(八)\程序\balance        #
#                    car（完善）\bin\Flash\Obj\decoder.o                      #
#                                                                             #
#                                                                             #
###############################################################################

D:\FREESCALE智能车竞赛\freescale(八)\程序\balance car（完善）\src\Sources\C\Component_C\decoder.c
      1          #include "common.h"
      2          #include "decoder.h"
      3          /*==============================================================================
      4          功能：FTM1、FTM2模块双路正交脉冲计数
      5          引脚：PTA12、PTA13、PTB18、PTB19
      6          内容：初始化FTM1、FTM2的正交解码功能
      7          参数：无
      8          ==============================================================================*/

   \                                 In section .text, align 4, keep-with-next
      9          void FTM_QUAD_init()
     10          {
     11             /*使能FTM1、FTM2时钟*/
     12            SIM_SCGC6|=SIM_SCGC6_FTM1_MASK;
   \                     FTM_QUAD_init:
   \   00000000   0x4833             LDR.N    R0,??FTM_QUAD_init_0  ;; 0x4004803c
   \   00000002   0x6800             LDR      R0,[R0, #+0]
   \   00000004   0xF050 0x7000      ORRS     R0,R0,#0x2000000
   \   00000008   0x4931             LDR.N    R1,??FTM_QUAD_init_0  ;; 0x4004803c
   \   0000000A   0x6008             STR      R0,[R1, #+0]
     13            SIM_SCGC3|=SIM_SCGC3_FTM2_MASK;
   \   0000000C   0x4831             LDR.N    R0,??FTM_QUAD_init_0+0x4  ;; 0x40048030
   \   0000000E   0x6800             LDR      R0,[R0, #+0]
   \   00000010   0xF050 0x7080      ORRS     R0,R0,#0x1000000
   \   00000014   0x492F             LDR.N    R1,??FTM_QUAD_init_0+0x4  ;; 0x40048030
   \   00000016   0x6008             STR      R0,[R1, #+0]
     14            /*开启端口时钟*/
     15            SIM_SCGC5 |= SIM_SCGC5_PORTA_MASK;
   \   00000018   0x482F             LDR.N    R0,??FTM_QUAD_init_0+0x8  ;; 0x40048038
   \   0000001A   0x6800             LDR      R0,[R0, #+0]
   \   0000001C   0xF44F 0x7100      MOV      R1,#+512
   \   00000020   0x4308             ORRS     R0,R1,R0
   \   00000022   0x492D             LDR.N    R1,??FTM_QUAD_init_0+0x8  ;; 0x40048038
   \   00000024   0x6008             STR      R0,[R1, #+0]
     16            
     17            /*选择管脚复用功能*/
     18            PORTA_PCR12 = PORT_PCR_MUX(7);                          //特定芯片是什么功能
   \   00000026   0x482D             LDR.N    R0,??FTM_QUAD_init_0+0xC  ;; 0x40049030
   \   00000028   0xF44F 0x61E0      MOV      R1,#+1792
   \   0000002C   0x6001             STR      R1,[R0, #+0]
     19            PORTA_PCR13 = PORT_PCR_MUX(7);
   \   0000002E   0x482C             LDR.N    R0,??FTM_QUAD_init_0+0x10  ;; 0x40049034
   \   00000030   0xF44F 0x61E0      MOV      R1,#+1792
   \   00000034   0x6001             STR      R1,[R0, #+0]
     20          
     21            PORTB_PCR18 = PORT_PCR_MUX(6);
   \   00000036   0x482B             LDR.N    R0,??FTM_QUAD_init_0+0x14  ;; 0x4004a048
   \   00000038   0xF44F 0x61C0      MOV      R1,#+1536
   \   0000003C   0x6001             STR      R1,[R0, #+0]
     22            PORTB_PCR19 = PORT_PCR_MUX(6);
   \   0000003E   0x482A             LDR.N    R0,??FTM_QUAD_init_0+0x18  ;; 0x4004a04c
   \   00000040   0xF44F 0x61C0      MOV      R1,#+1536
   \   00000044   0x6001             STR      R1,[R0, #+0]
     23           
     24            FTM1_CNTIN = 0;                                          //FTM1初始值
   \   00000046   0x4829             LDR.N    R0,??FTM_QUAD_init_0+0x1C  ;; 0x4003904c
   \   00000048   0x2100             MOVS     R1,#+0
   \   0000004A   0x6001             STR      R1,[R0, #+0]
     25            FTM2_CNTIN = 0;
   \   0000004C   0x4828             LDR.N    R0,??FTM_QUAD_init_0+0x20  ;; 0x400b804c
   \   0000004E   0x2100             MOVS     R1,#+0
   \   00000050   0x6001             STR      R1,[R0, #+0]
     26            FTM1_MOD = 65535;                                        //可根据需要设置
   \   00000052   0x4828             LDR.N    R0,??FTM_QUAD_init_0+0x24  ;; 0x40039008
   \   00000054   0xF64F 0x71FF      MOVW     R1,#+65535
   \   00000058   0x6001             STR      R1,[R0, #+0]
     27            FTM2_MOD = 65535;                                        //结束值
   \   0000005A   0x4827             LDR.N    R0,??FTM_QUAD_init_0+0x28  ;; 0x400b8008
   \   0000005C   0xF64F 0x71FF      MOVW     R1,#+65535
   \   00000060   0x6001             STR      R1,[R0, #+0]
     28            
     29            FTM1_MODE |= FTM_MODE_WPDIS_MASK;                        //禁止写保护
   \   00000062   0x4826             LDR.N    R0,??FTM_QUAD_init_0+0x2C  ;; 0x40039054
   \   00000064   0x6800             LDR      R0,[R0, #+0]
   \   00000066   0xF050 0x0004      ORRS     R0,R0,#0x4
   \   0000006A   0x4924             LDR.N    R1,??FTM_QUAD_init_0+0x2C  ;; 0x40039054
   \   0000006C   0x6008             STR      R0,[R1, #+0]
     30            FTM2_MODE |= FTM_MODE_WPDIS_MASK;                        //禁止写保护
   \   0000006E   0x4824             LDR.N    R0,??FTM_QUAD_init_0+0x30  ;; 0x400b8054
   \   00000070   0x6800             LDR      R0,[R0, #+0]
   \   00000072   0xF050 0x0004      ORRS     R0,R0,#0x4
   \   00000076   0x4922             LDR.N    R1,??FTM_QUAD_init_0+0x30  ;; 0x400b8054
   \   00000078   0x6008             STR      R0,[R1, #+0]
     31           
     32            FTM1_QDCTRL|=FTM_QDCTRL_QUADMODE_MASK;                   //AB相同时确定方向和计数值  
   \   0000007A   0x4822             LDR.N    R0,??FTM_QUAD_init_0+0x34  ;; 0x40039080
   \   0000007C   0x6800             LDR      R0,[R0, #+0]
   \   0000007E   0xF050 0x0008      ORRS     R0,R0,#0x8
   \   00000082   0x4920             LDR.N    R1,??FTM_QUAD_init_0+0x34  ;; 0x40039080
   \   00000084   0x6008             STR      R0,[R1, #+0]
     33            FTM2_QDCTRL|=FTM_QDCTRL_QUADMODE_MASK;                   //AB相同时确定方向和计数值  
   \   00000086   0x4820             LDR.N    R0,??FTM_QUAD_init_0+0x38  ;; 0x400b8080
   \   00000088   0x6800             LDR      R0,[R0, #+0]
   \   0000008A   0xF050 0x0008      ORRS     R0,R0,#0x8
   \   0000008E   0x491E             LDR.N    R1,??FTM_QUAD_init_0+0x38  ;; 0x400b8080
   \   00000090   0x6008             STR      R0,[R1, #+0]
     34           // FTM2_QDCTRL &= ~FTM_QDCTRL_QUADMODE_MASK;                //选定编码模式为A相与B相编码模式
     35            //FTM1_QDCTRL &= ~FTM_QDCTRL_QUADMODE_MASK;                //选定编码模式为A相与B相编码模式
     36            //FTM1_SC |= FTM_SC_CLKS(3);                               //选择外部时钟
     37            // FTM1_CONF |=FTM_CONF_BDMMODE(3);                      //可根据需要选择
     38           // FTM2_SC |= FTM_SC_CLKS(3);
     39            // FTM2_CONF |=FTM_CONF_BDMMODE(3);
     40            FTM1_QDCTRL |= FTM_QDCTRL_QUADEN_MASK;                   //使能正交解码模式
   \   00000092   0x481C             LDR.N    R0,??FTM_QUAD_init_0+0x34  ;; 0x40039080
   \   00000094   0x6800             LDR      R0,[R0, #+0]
   \   00000096   0xF050 0x0001      ORRS     R0,R0,#0x1
   \   0000009A   0x491A             LDR.N    R1,??FTM_QUAD_init_0+0x34  ;; 0x40039080
   \   0000009C   0x6008             STR      R0,[R1, #+0]
     41            FTM2_QDCTRL |= FTM_QDCTRL_QUADEN_MASK;                   //使能正交解码模式
   \   0000009E   0x481A             LDR.N    R0,??FTM_QUAD_init_0+0x38  ;; 0x400b8080
   \   000000A0   0x6800             LDR      R0,[R0, #+0]
   \   000000A2   0xF050 0x0001      ORRS     R0,R0,#0x1
   \   000000A6   0x4918             LDR.N    R1,??FTM_QUAD_init_0+0x38  ;; 0x400b8080
   \   000000A8   0x6008             STR      R0,[R1, #+0]
     42            
     43            FTM1_MODE |= FTM_MODE_FTMEN_MASK;                        //FTMEN=1,关闭TPM兼容模式，开启FTM所有功能
   \   000000AA   0x4814             LDR.N    R0,??FTM_QUAD_init_0+0x2C  ;; 0x40039054
   \   000000AC   0x6800             LDR      R0,[R0, #+0]
   \   000000AE   0xF050 0x0001      ORRS     R0,R0,#0x1
   \   000000B2   0x4912             LDR.N    R1,??FTM_QUAD_init_0+0x2C  ;; 0x40039054
   \   000000B4   0x6008             STR      R0,[R1, #+0]
     44            FTM2_MODE |= FTM_MODE_FTMEN_MASK;                        //FTMEN=1,关闭TPM兼容模式，开启FTM所有功能
   \   000000B6   0x4812             LDR.N    R0,??FTM_QUAD_init_0+0x30  ;; 0x400b8054
   \   000000B8   0x6800             LDR      R0,[R0, #+0]
   \   000000BA   0xF050 0x0001      ORRS     R0,R0,#0x1
   \   000000BE   0x4910             LDR.N    R1,??FTM_QUAD_init_0+0x30  ;; 0x400b8054
   \   000000C0   0x6008             STR      R0,[R1, #+0]
     45            
     46            FTM1_CNT=0; 
   \   000000C2   0x4812             LDR.N    R0,??FTM_QUAD_init_0+0x3C  ;; 0x40039004
   \   000000C4   0x2100             MOVS     R1,#+0
   \   000000C6   0x6001             STR      R1,[R0, #+0]
     47            FTM2_CNT=0; 
   \   000000C8   0x4811             LDR.N    R0,??FTM_QUAD_init_0+0x40  ;; 0x400b8004
   \   000000CA   0x2100             MOVS     R1,#+0
   \   000000CC   0x6001             STR      R1,[R0, #+0]
     48          }
   \   000000CE   0x4770             BX       LR               ;; return
   \                     ??FTM_QUAD_init_0:
   \   000000D0   0x4004803C         DC32     0x4004803c
   \   000000D4   0x40048030         DC32     0x40048030
   \   000000D8   0x40048038         DC32     0x40048038
   \   000000DC   0x40049030         DC32     0x40049030
   \   000000E0   0x40049034         DC32     0x40049034
   \   000000E4   0x4004A048         DC32     0x4004a048
   \   000000E8   0x4004A04C         DC32     0x4004a04c
   \   000000EC   0x4003904C         DC32     0x4003904c
   \   000000F0   0x400B804C         DC32     0x400b804c
   \   000000F4   0x40039008         DC32     0x40039008
   \   000000F8   0x400B8008         DC32     0x400b8008
   \   000000FC   0x40039054         DC32     0x40039054
   \   00000100   0x400B8054         DC32     0x400b8054
   \   00000104   0x40039080         DC32     0x40039080
   \   00000108   0x400B8080         DC32     0x400b8080
   \   0000010C   0x40039004         DC32     0x40039004
   \   00000110   0x400B8004         DC32     0x400b8004
     49          
     50          
     51          
     52          /*************************************************************************
     53          *  函数名称：FTM2_QUAD_DIR_init
     54          *  功能说明：正交解码 方向计数模式初始化函数
     55          *  函数返回：无
     56          *  修改时间：2012-1-26
     57          *  备    注：
     58                       该例程使用 A10 和A11 引脚输入作为旋转编码器的 A相和B 相输入。 
     59                        B路控制计数器方向  高电平时计数器正向计数
     60                        A路计数脉冲
     61                        对B路默认上拉
     62          *************************************************************************/
     63          /*void FTM_QUAD_DIR_init()
     64          {
     65             
     66              SIM_SCGC6 |=SIM_SCGC6_FTM1_MASK;                             //使能FTM1时钟
     67              SIM_SCGC3 |= SIM_SCGC3_FTM2_MASK;                           //使能FTM2时钟
     68              
     69              SIM_SCGC5 |= SIM_SCGC5_PORTA_MASK;
     70              SIM_SCGC5 |= SIM_SCGC5_PORTB_MASK;
     71              
     72              PORT_PCR_REG(PORTA_BASE_PTR, 12) = (0|PORT_PCR_MUX(7)|0x10);     // PTA12
     73              PORT_PCR_REG(PORTA_BASE_PTR, 13) = (0|PORT_PCR_MUX(7)|0x13);     // PTA13
     74              PORT_PCR_REG(PORTB_BASE_PTR, 18) = PORT_PCR_MUX(6);              // PTB18
     75              PORT_PCR_REG(PORTB_BASE_PTR, 19) = PORT_PCR_MUX(6);              // PTB19
     76                
     77              FTM_MODE_REG(FTM1_BASE_PTR)    |= FTM_MODE_WPDIS_MASK;           //写保护禁止
     78              FTM_QDCTRL_REG(FTM1_BASE_PTR)  &=~FTM_QDCTRL_QUADMODE_MASK;       //AB相同时确定方向和计数值
     79              FTM_CNTIN_REG(FTM1_BASE_PTR)    = 0;                             //FTM1计数器初始值为0
     80              FTM_MOD_REG(FTM1_BASE_PTR)      = 0xFFFF;                        //FTM1计数器终值为0
     81              
     82              FTM_MODE_REG(FTM2_BASE_PTR)    |= FTM_MODE_WPDIS_MASK;           //写保护禁止
     83              FTM_QDCTRL_REG(FTM2_BASE_PTR)  &= ~FTM_QDCTRL_QUADMODE_MASK;     //AB 正交解码模式
     84              FTM_CNTIN_REG(FTM2_BASE_PTR)    = 0;                             //FTM计数器初始值为0
     85              FTM_MOD_REG(FTM2_BASE_PTR)      = 0xFFFF;                        //FTM计数器初始值为0
     86              
     87              FTM_QDCTRL_REG(FTM1_BASE_PTR)  |=FTM_QDCTRL_QUADEN_MASK;         //使能FTM1正交解码模式
     88              FTM_MODE_REG(FTM1_BASE_PTR)    |= FTM_MODE_FTMEN_MASK;           //FTM1EN=1	
     89              FTM_CNT_REG(FTM1_BASE_PTR)     = 0; 
     90              
     91              FTM_QDCTRL_REG(FTM2_BASE_PTR)  |=FTM_QDCTRL_QUADEN_MASK;         //使能FTM2正交解码模式
     92              FTM_MODE_REG(FTM2_BASE_PTR)    |= FTM_MODE_FTMEN_MASK;           //FTM2EN=1	
     93              FTM_CNT_REG(FTM2_BASE_PTR)     = 0; 	
     94          }*/
     95          
     96          
     97          
     98          /*************************************************************************
     99          *  函数名称：FTM2_init
    100          *  功能说明：正交解码 方向计数模式初始化函数
    101          *  函数返回：无
    102          *  修改时间：2012-1-26
    103          *  备    注：CH0~CH3可以使用过滤器，未添加这功能
    104                       该例程使用 A10 和A11 引脚输入作为旋转编码器的 A相和B 相输入。 
    105          *************************************************************************
    106          void FTM_QUAD_init()
    107          {
    108              SIM_SCGC3 |= SIM_SCGC3_FTM2_MASK;                                 //使能FTM2时钟
    109          
    110              SIM_SCGC5 |= SIM_SCGC5_PORTB_MASK;
    111              PORT_PCR_REG(PORTB_BASE_PTR, 18) = PORT_PCR_MUX(6);               // PTB18
    112              PORT_PCR_REG(PORTB_BASE_PTR, 19) = PORT_PCR_MUX(6);               // PTB19
    113                 
    114              FTM_MODE_REG(FTM2_BASE_PTR)    |= FTM_MODE_WPDIS_MASK;           //写保护禁止
    115              FTM_QDCTRL_REG(FTM2_BASE_PTR)  &= ~FTM_QDCTRL_QUADMODE_MASK;     //AB 正交解码模式
    116              FTM_CNTIN_REG(FTM2_BASE_PTR)    = 0;                             //FTM计数器初始值为0
    117              FTM_MOD_REG(FTM2_BASE_PTR)      = 0xFFFF;                        //FTM计数器初始值为0
    118             
    119              FTM_QDCTRL_REG(FTM2_BASE_PTR)  |=FTM_QDCTRL_QUADEN_MASK;         //使能FTM2正交解码模式
    120              FTM_MODE_REG(FTM2_BASE_PTR)    |= FTM_MODE_FTMEN_MASK;                             //FTM2EN=1	
    121              FTM_CNT_REG(FTM2_BASE_PTR)    = 0; 	
    122          }*/

   Maximum stack usage in bytes:

   .cstack Function
   ------- --------
        0  FTM_QUAD_init


   Section sizes:

   Bytes  Function/Label
   -----  --------------
     276  FTM_QUAD_init

 
 276 bytes in section .text
 
 276 bytes of CODE memory

Errors: none
Warnings: none
